<?xml version="1.0" encoding="UTF-8"?>
<testng-results skipped="0" failed="0" ignored="0" total="1" passed="1">
  <reporter-output>
  </reporter-output>
  <suite name="Default suite" duration-ms="18260" started-at="2020-04-11T18:09:55Z" finished-at="2020-04-11T18:10:14Z">
    <groups>
    </groups>
    <test name="Default test" duration-ms="18260" started-at="2020-04-11T18:09:55Z" finished-at="2020-04-11T18:10:14Z">
      <class name="Regression_Scripts.HospitalLifecycle_Pharmacist_Adding_Category_AndCheccking_Under_List">
        <test-method status="PASS" signature="setup()[pri:0, instance:Regression_Scripts.HospitalLifecycle_Pharmacist_Adding_Category_AndCheccking_Under_List@61f8bee4]" name="setup" is-config="true" duration-ms="297" started-at="2020-04-11T18:09:55Z" finished-at="2020-04-11T18:09:55Z">
          <reporter-output>
          </reporter-output>
        </test-method> <!-- setup -->
        <test-method status="PASS" signature="openapp(java.lang.String)[pri:0, instance:Regression_Scripts.HospitalLifecycle_Pharmacist_Adding_Category_AndCheccking_Under_List@61f8bee4]" name="openapp" is-config="true" duration-ms="8047" started-at="2020-04-11T18:09:55Z" finished-at="2020-04-11T18:10:03Z">
          <params>
            <param index="0">
              <value>
                <![CDATA[chrome]]>
              </value>
            </param>
          </params>
          <reporter-output>
          </reporter-output>
        </test-method> <!-- openapp -->
        <test-method status="PASS" signature="creatingMedicineCategory()[pri:0, instance:Regression_Scripts.HospitalLifecycle_Pharmacist_Adding_Category_AndCheccking_Under_List@61f8bee4]" name="creatingMedicineCategory" duration-ms="9327" started-at="2020-04-11T18:10:03Z" finished-at="2020-04-11T18:10:13Z">
          <reporter-output>
          </reporter-output>
        </test-method> <!-- creatingMedicineCategory -->
        <test-method status="PASS" signature="closeAppn(org.testng.ITestResult)[pri:0, instance:Regression_Scripts.HospitalLifecycle_Pharmacist_Adding_Category_AndCheccking_Under_List@61f8bee4]" name="closeAppn" is-config="true" duration-ms="847" started-at="2020-04-11T18:10:13Z" finished-at="2020-04-11T18:10:14Z">
          <params>
            <param index="0">
              <value>
                <![CDATA[[TestResult name=creatingMedicineCategory status=SUCCESS method=HospitalLifecycle_Pharmacist_Adding_Category_AndCheccking_Under_List.creatingMedicineCategory()[pri:0, instance:Regression_Scripts.HospitalLifecycle_Pharmacist_Adding_Category_AndCheccking_Under_List@61f8bee4] output={null}]]]>
              </value>
            </param>
          </params>
          <reporter-output>
          </reporter-output>
        </test-method> <!-- closeAppn -->
        <test-method status="PASS" signature="teardown()[pri:0, instance:Regression_Scripts.HospitalLifecycle_Pharmacist_Adding_Category_AndCheccking_Under_List@61f8bee4]" name="teardown" is-config="true" duration-ms="640" started-at="2020-04-11T18:10:14Z" finished-at="2020-04-11T18:10:14Z">
          <reporter-output>
          </reporter-output>
        </test-method> <!-- teardown -->
      </class> <!-- Regression_Scripts.HospitalLifecycle_Pharmacist_Adding_Category_AndCheccking_Under_List -->
    </test> <!-- Default test -->
  </suite> <!-- Default suite -->
</testng-results>
